# JRE version: Java(TM) SE Runtime Environment (8.0_65-b17) (build 1.8.0_65-b17)
# Java VM: Java HotSpot(TM) Client VM (25.65-b01 mixed mode windows-x86 )
Heap:
 def new generation   total 4928K, used 2510K [0x04800000, 0x04d50000, 0x09d50000)
  eden space 4416K,  55% used [0x04800000, 0x04a64218, 0x04c50000)
  from space 512K,  12% used [0x04c50000, 0x04c5f6b0, 0x04cd0000)
  to   space 512K,   0% used [0x04cd0000, 0x04cd0000, 0x04d50000)
 tenured generation   total 10944K, used 2376K [0x09d50000, 0x0a800000, 0x14800000)
   the space 10944K,  21% used [0x09d50000, 0x09fa2258, 0x09fa2400, 0x0a800000)
 Metaspace       used 7151K, capacity 7343K, committed 7424K, reserved 7552K
GC Heap History (10 events):
Event: 140.126 GC heap before
{Heap before GC invocations=25 (full 0):
 def new generation   total 4928K, used 4492K [0x04800000, 0x04d50000, 0x09d50000)
  eden space 4416K, 100% used [0x04800000, 0x04c50000, 0x04c50000)
  from space 512K,  14% used [0x04cd0000, 0x04ce32e0, 0x04d50000)
  to   space 512K,   0% used [0x04c50000, 0x04c50000, 0x04cd0000)
 tenured generation   total 10944K, used 2372K [0x09d50000, 0x0a800000, 0x14800000)
   the space 10944K,  21% used [0x09d50000, 0x09fa1070, 0x09fa1200, 0x0a800000)
 Metaspace       used 7151K, capacity 7343K, committed 7424K, reserved 7552K
Event: 140.130 GC heap after
Heap after GC invocations=26 (full 0):
 def new generation   total 4928K, used 63K [0x04800000, 0x04d50000, 0x09d50000)
  eden space 4416K,   0% used [0x04800000, 0x04800000, 0x04c50000)
  from space 512K,  12% used [0x04c50000, 0x04c5fe30, 0x04cd0000)
  to   space 512K,   0% used [0x04cd0000, 0x04cd0000, 0x04d50000)
 tenured generation   total 10944K, used 2372K [0x09d50000, 0x0a800000, 0x14800000)
   the space 10944K,  21% used [0x09d50000, 0x09fa1130, 0x09fa1200, 0x0a800000)
 Metaspace       used 7151K, capacity 7343K, committed 7424K, reserved 7552K
}
Event: 145.755 GC heap before
{Heap before GC invocations=26 (full 0):
 def new generation   total 4928K, used 4479K [0x04800000, 0x04d50000, 0x09d50000)
  eden space 4416K, 100% used [0x04800000, 0x04c50000, 0x04c50000)
  from space 512K,  12% used [0x04c50000, 0x04c5fe30, 0x04cd0000)
  to   space 512K,   0% used [0x04cd0000, 0x04cd0000, 0x04d50000)
 tenured generation   total 10944K, used 2372K [0x09d50000, 0x0a800000, 0x14800000)
   the space 10944K,  21% used [0x09d50000, 0x09fa1130, 0x09fa1200, 0x0a800000)
 Metaspace       used 7151K, capacity 7343K, committed 7424K, reserved 7552K
Event: 145.758 GC heap after
Heap after GC invocations=27 (full 0):
 def new generation   total 4928K, used 72K [0x04800000, 0x04d50000, 0x09d50000)
  eden space 4416K,   0% used [0x04800000, 0x04800000, 0x04c50000)
  from space 512K,  14% used [0x04cd0000, 0x04ce23c0, 0x04d50000)
  to   space 512K,   0% used [0x04c50000, 0x04c50000, 0x04cd0000)
 tenured generation   total 10944K, used 2375K [0x09d50000, 0x0a800000, 0x14800000)
   the space 10944K,  21% used [0x09d50000, 0x09fa1fa8, 0x09fa2000, 0x0a800000)
 Metaspace       used 7151K, capacity 7343K, committed 7424K, reserved 7552K
}
Event: 151.385 GC heap before
{Heap before GC invocations=27 (full 0):
 def new generation   total 4928K, used 4488K [0x04800000, 0x04d50000, 0x09d50000)
  eden space 4416K, 100% used [0x04800000, 0x04c50000, 0x04c50000)
  from space 512K,  14% used [0x04cd0000, 0x04ce23c0, 0x04d50000)
  to   space 512K,   0% used [0x04c50000, 0x04c50000, 0x04cd0000)
 tenured generation   total 10944K, used 2375K [0x09d50000, 0x0a800000, 0x14800000)
   the space 10944K,  21% used [0x09d50000, 0x09fa1fa8, 0x09fa2000, 0x0a800000)
 Metaspace       used 7151K, capacity 7343K, committed 7424K, reserved 7552K
Event: 151.388 GC heap after
Heap after GC invocations=28 (full 0):
 def new generation   total 4928K, used 72K [0x04800000, 0x04d50000, 0x09d50000)
  eden space 4416K,   0% used [0x04800000, 0x04800000, 0x04c50000)
  from space 512K,  14% used [0x04c50000, 0x04c62220, 0x04cd0000)
  to   space 512K,   0% used [0x04cd0000, 0x04cd0000, 0x04d50000)
 tenured generation   total 10944K, used 2376K [0x09d50000, 0x0a800000, 0x14800000)
   the space 10944K,  21% used [0x09d50000, 0x09fa2130, 0x09fa2200, 0x0a800000)
 Metaspace       used 7151K, capacity 7343K, committed 7424K, reserved 7552K
}
Event: 157.202 GC heap before
{Heap before GC invocations=28 (full 0):
 def new generation   total 4928K, used 4487K [0x04800000, 0x04d50000, 0x09d50000)
  eden space 4416K,  99% used [0x04800000, 0x04c4fb30, 0x04c50000)
  from space 512K,  14% used [0x04c50000, 0x04c62220, 0x04cd0000)
  to   space 512K,   0% used [0x04cd0000, 0x04cd0000, 0x04d50000)
 tenured generation   total 10944K, used 2376K [0x09d50000, 0x0a800000, 0x14800000)
   the space 10944K,  21% used [0x09d50000, 0x09fa2130, 0x09fa2200, 0x0a800000)
 Metaspace       used 7151K, capacity 7343K, committed 7424K, reserved 7552K
Event: 157.205 GC heap after
Heap after GC invocations=29 (full 0):
 def new generation   total 4928K, used 61K [0x04800000, 0x04d50000, 0x09d50000)
  eden space 4416K,   0% used [0x04800000, 0x04800000, 0x04c50000)
  from space 512K,  12% used [0x04cd0000, 0x04cdf620, 0x04d50000)
  to   space 512K,   0% used [0x04c50000, 0x04c50000, 0x04cd0000)
 tenured generation   total 10944K, used 2376K [0x09d50000, 0x0a800000, 0x14800000)
   the space 10944K,  21% used [0x09d50000, 0x09fa2258, 0x09fa2400, 0x0a800000)
 Metaspace       used 7151K, capacity 7343K, committed 7424K, reserved 7552K
}
Event: 162.832 GC heap before
{Heap before GC invocations=29 (full 0):
 def new generation   total 4928K, used 4477K [0x04800000, 0x04d50000, 0x09d50000)
  eden space 4416K, 100% used [0x04800000, 0x04c50000, 0x04c50000)
  from space 512K,  12% used [0x04cd0000, 0x04cdf620, 0x04d50000)
  to   space 512K,   0% used [0x04c50000, 0x04c50000, 0x04cd0000)
 tenured generation   total 10944K, used 2376K [0x09d50000, 0x0a800000, 0x14800000)
   the space 10944K,  21% used [0x09d50000, 0x09fa2258, 0x09fa2400, 0x0a800000)
 Metaspace       used 7151K, capacity 7343K, committed 7424K, reserved 7552K
Event: 162.836 GC heap after
Heap after GC invocations=30 (full 0):
 def new generation   total 4928K, used 61K [0x04800000, 0x04d50000, 0x09d50000)
  eden space 4416K,   0% used [0x04800000, 0x04800000, 0x04c50000)
  from space 512K,  12% used [0x04c50000, 0x04c5f6b0, 0x04cd0000)
  to   space 512K,   0% used [0x04cd0000, 0x04cd0000, 0x04d50000)
 tenured generation   total 10944K, used 2376K [0x09d50000, 0x0a800000, 0x14800000)
   the space 10944K,  21% used [0x09d50000, 0x09fa2258, 0x09fa2400, 0x0a800000)
 Metaspace       used 7151K, capacity 7343K, committed 7424K, reserved 7552K
}

