# JRE version: Java(TM) SE Runtime Environment (8.0_60-b27) (build 1.8.0_60-b27)
# Java VM: Java HotSpot(TM) 64-Bit Server VM (25.60-b23 mixed mode windows-amd64 compressed oops)
Heap:
 PSYoungGen      total 30208K, used 8185K [0x00000000e2c00000, 0x00000000e5280000, 0x0000000100000000)
  eden space 20992K, 38% used [0x00000000e2c00000,0x00000000e33ee7d0,0x00000000e4080000)
  from space 9216K, 0% used [0x00000000e4080000,0x00000000e4090000,0x00000000e4980000)
  to   space 9216K, 0% used [0x00000000e4980000,0x00000000e4980000,0x00000000e5280000)
 ParOldGen       total 60416K, used 19342K [0x00000000a8400000, 0x00000000abf00000, 0x00000000e2c00000)
  object space 60416K, 32% used [0x00000000a8400000,0x00000000a96e3b00,0x00000000abf00000)
 Metaspace       used 9533K, capacity 9668K, committed 9984K, reserved 1058816K
  class space    used 1117K, capacity 1190K, committed 1280K, reserved 1048576K
GC Heap History (10 events):
Event: 102.214 GC heap before
{Heap before GC invocations=7 (full 0):
 PSYoungGen      total 22016K, used 22013K [0x00000000e2c00000, 0x00000000e5800000, 0x0000000100000000)
  eden space 21504K, 100% used [0x00000000e2c00000,0x00000000e4100000,0x00000000e4100000)
  from space 512K, 99% used [0x00000000e5780000,0x00000000e57ff4e8,0x00000000e5800000)
  to   space 10240K, 0% used [0x00000000e4400000,0x00000000e4400000,0x00000000e4e00000)
 ParOldGen       total 60416K, used 18830K [0x00000000a8400000, 0x00000000abf00000, 0x00000000e2c00000)
  object space 60416K, 31% used [0x00000000a8400000,0x00000000a9663810,0x00000000abf00000)
 Metaspace       used 9525K, capacity 9668K, committed 9984K, reserved 1058816K
  class space    used 1115K, capacity 1190K, committed 1280K, reserved 1048576K
Event: 102.216 GC heap after
Heap after GC invocations=7 (full 0):
 PSYoungGen      total 31232K, used 161K [0x00000000e2c00000, 0x00000000e5800000, 0x0000000100000000)
  eden space 20992K, 0% used [0x00000000e2c00000,0x00000000e2c00000,0x00000000e4080000)
  from space 10240K, 1% used [0x00000000e4400000,0x00000000e4428508,0x00000000e4e00000)
  to   space 10240K, 0% used [0x00000000e4e00000,0x00000000e4e00000,0x00000000e5800000)
 ParOldGen       total 60416K, used 19191K [0x00000000a8400000, 0x00000000abf00000, 0x00000000e2c00000)
  object space 60416K, 31% used [0x00000000a8400000,0x00000000a96bdeb0,0x00000000abf00000)
 Metaspace       used 9525K, capacity 9668K, committed 9984K, reserved 1058816K
  class space    used 1115K, capacity 1190K, committed 1280K, reserved 1048576K
}
Event: 122.307 GC heap before
{Heap before GC invocations=8 (full 0):
 PSYoungGen      total 31232K, used 20975K [0x00000000e2c00000, 0x00000000e5800000, 0x0000000100000000)
  eden space 20992K, 99% used [0x00000000e2c00000,0x00000000e4053948,0x00000000e4080000)
  from space 10240K, 1% used [0x00000000e4400000,0x00000000e4428508,0x00000000e4e00000)
  to   space 10240K, 0% used [0x00000000e4e00000,0x00000000e4e00000,0x00000000e5800000)
 ParOldGen       total 60416K, used 19191K [0x00000000a8400000, 0x00000000abf00000, 0x00000000e2c00000)
  object space 60416K, 31% used [0x00000000a8400000,0x00000000a96bdeb0,0x00000000abf00000)
 Metaspace       used 9526K, capacity 9668K, committed 9984K, reserved 1058816K
  class space    used 1115K, capacity 1190K, committed 1280K, reserved 1048576K
Event: 122.309 GC heap after
Heap after GC invocations=8 (full 0):
 PSYoungGen      total 26624K, used 64K [0x00000000e2c00000, 0x00000000e5380000, 0x0000000100000000)
  eden space 20992K, 0% used [0x00000000e2c00000,0x00000000e2c00000,0x00000000e4080000)
  from space 5632K, 1% used [0x00000000e4e00000,0x00000000e4e10000,0x00000000e5380000)
  to   space 9728K, 0% used [0x00000000e4080000,0x00000000e4080000,0x00000000e4a00000)
 ParOldGen       total 60416K, used 19310K [0x00000000a8400000, 0x00000000abf00000, 0x00000000e2c00000)
  object space 60416K, 31% used [0x00000000a8400000,0x00000000a96dbb00,0x00000000abf00000)
 Metaspace       used 9526K, capacity 9668K, committed 9984K, reserved 1058816K
  class space    used 1115K, capacity 1190K, committed 1280K, reserved 1048576K
}
Event: 142.593 GC heap before
{Heap before GC invocations=9 (full 0):
 PSYoungGen      total 26624K, used 21056K [0x00000000e2c00000, 0x00000000e5380000, 0x0000000100000000)
  eden space 20992K, 100% used [0x00000000e2c00000,0x00000000e4080000,0x00000000e4080000)
  from space 5632K, 1% used [0x00000000e4e00000,0x00000000e4e10000,0x00000000e5380000)
  to   space 9728K, 0% used [0x00000000e4080000,0x00000000e4080000,0x00000000e4a00000)
 ParOldGen       total 60416K, used 19310K [0x00000000a8400000, 0x00000000abf00000, 0x00000000e2c00000)
  object space 60416K, 31% used [0x00000000a8400000,0x00000000a96dbb00,0x00000000abf00000)
 Metaspace       used 9526K, capacity 9668K, committed 9984K, reserved 1058816K
  class space    used 1115K, capacity 1190K, committed 1280K, reserved 1048576K
Event: 142.594 GC heap after
Heap after GC invocations=9 (full 0):
 PSYoungGen      total 30720K, used 64K [0x00000000e2c00000, 0x00000000e5380000, 0x0000000100000000)
  eden space 20992K, 0% used [0x00000000e2c00000,0x00000000e2c00000,0x00000000e4080000)
  from space 9728K, 0% used [0x00000000e4080000,0x00000000e4090000,0x00000000e4a00000)
  to   space 9728K, 0% used [0x00000000e4a00000,0x00000000e4a00000,0x00000000e5380000)
 ParOldGen       total 60416K, used 19326K [0x00000000a8400000, 0x00000000abf00000, 0x00000000e2c00000)
  object space 60416K, 31% used [0x00000000a8400000,0x00000000a96dfb00,0x00000000abf00000)
 Metaspace       used 9526K, capacity 9668K, committed 9984K, reserved 1058816K
  class space    used 1115K, capacity 1190K, committed 1280K, reserved 1048576K
}
Event: 162.682 GC heap before
{Heap before GC invocations=10 (full 0):
 PSYoungGen      total 30720K, used 21056K [0x00000000e2c00000, 0x00000000e5380000, 0x0000000100000000)
  eden space 20992K, 100% used [0x00000000e2c00000,0x00000000e4080000,0x00000000e4080000)
  from space 9728K, 0% used [0x00000000e4080000,0x00000000e4090000,0x00000000e4a00000)
  to   space 9728K, 0% used [0x00000000e4a00000,0x00000000e4a00000,0x00000000e5380000)
 ParOldGen       total 60416K, used 19326K [0x00000000a8400000, 0x00000000abf00000, 0x00000000e2c00000)
  object space 60416K, 31% used [0x00000000a8400000,0x00000000a96dfb00,0x00000000abf00000)
 Metaspace       used 9526K, capacity 9668K, committed 9984K, reserved 1058816K
  class space    used 1115K, capacity 1190K, committed 1280K, reserved 1048576K
Event: 162.685 GC heap after
Heap after GC invocations=10 (full 0):
 PSYoungGen      total 29696K, used 32K [0x00000000e2c00000, 0x00000000e5280000, 0x0000000100000000)
  eden space 20992K, 0% used [0x00000000e2c00000,0x00000000e2c00000,0x00000000e4080000)
  from space 8704K, 0% used [0x00000000e4a00000,0x00000000e4a08000,0x00000000e5280000)
  to   space 9216K, 0% used [0x00000000e4080000,0x00000000e4080000,0x00000000e4980000)
 ParOldGen       total 60416K, used 19334K [0x00000000a8400000, 0x00000000abf00000, 0x00000000e2c00000)
  object space 60416K, 32% used [0x00000000a8400000,0x00000000a96e1b00,0x00000000abf00000)
 Metaspace       used 9526K, capacity 9668K, committed 9984K, reserved 1058816K
  class space    used 1115K, capacity 1190K, committed 1280K, reserved 1048576K
}
Event: 182.838 GC heap before
{Heap before GC invocations=11 (full 0):
 PSYoungGen      total 29696K, used 20970K [0x00000000e2c00000, 0x00000000e5280000, 0x0000000100000000)
  eden space 20992K, 99% used [0x00000000e2c00000,0x00000000e4072bd0,0x00000000e4080000)
  from space 8704K, 0% used [0x00000000e4a00000,0x00000000e4a08000,0x00000000e5280000)
  to   space 9216K, 0% used [0x00000000e4080000,0x00000000e4080000,0x00000000e4980000)
 ParOldGen       total 60416K, used 19334K [0x00000000a8400000, 0x00000000abf00000, 0x00000000e2c00000)
  object space 60416K, 32% used [0x00000000a8400000,0x00000000a96e1b00,0x00000000abf00000)
 Metaspace       used 9527K, capacity 9668K, committed 9984K, reserved 1058816K
  class space    used 1116K, capacity 1190K, committed 1280K, reserved 1048576K
Event: 182.840 GC heap after
Heap after GC invocations=11 (full 0):
 PSYoungGen      total 30208K, used 64K [0x00000000e2c00000, 0x00000000e5280000, 0x0000000100000000)
  eden space 20992K, 0% used [0x00000000e2c00000,0x00000000e2c00000,0x00000000e4080000)
  from space 9216K, 0% used [0x00000000e4080000,0x00000000e4090000,0x00000000e4980000)
  to   space 9216K, 0% used [0x00000000e4980000,0x00000000e4980000,0x00000000e5280000)
 ParOldGen       total 60416K, used 19342K [0x00000000a8400000, 0x00000000abf00000, 0x00000000e2c00000)
  object space 60416K, 32% used [0x00000000a8400000,0x00000000a96e3b00,0x00000000abf00000)
 Metaspace       used 9527K, capacity 9668K, committed 9984K, reserved 1058816K
  class space    used 1116K, capacity 1190K, committed 1280K, reserved 1048576K
}

